<?xml version="1.0" encoding="UTF-8"?>
<testng-results ignored="0" total="2" passed="2" failed="0" skipped="0">
  <reporter-output>
  </reporter-output>
  <suite started-at="2020-04-16T20:43:22 IST" name="Suite" finished-at="2020-04-16T20:43:45 IST" duration-ms="22875">
    <groups>
    </groups>
    <test started-at="2020-04-16T20:43:22 IST" name="Test" finished-at="2020-04-16T20:43:45 IST" duration-ms="22875">
      <class name="QaClickAcadmy.SampleMavenTest">
        <test-method signature="setup()[pri:0, instance:QaClickAcadmy.SampleMavenTest@5af97850]" started-at="2020-04-16T20:43:22 IST" name="setup" finished-at="2020-04-16T20:43:43 IST" duration-ms="21561" status="PASS">
          <reporter-output>
          </reporter-output>
        </test-method> <!-- setup -->
        <test-method signature="tearDown()[pri:0, instance:QaClickAcadmy.SampleMavenTest@5af97850]" started-at="2020-04-16T20:43:43 IST" name="tearDown" finished-at="2020-04-16T20:43:45 IST" duration-ms="1188" status="PASS">
          <reporter-output>
          </reporter-output>
        </test-method> <!-- tearDown -->
      </class> <!-- QaClickAcadmy.SampleMavenTest -->
    </test> <!-- Test -->
  </suite> <!-- Suite -->
</testng-results>
