<?xml version="1.0" encoding="UTF-8"?>
<testng-results ignored="0" total="1" passed="1" failed="0" skipped="0">
  <reporter-output>
  </reporter-output>
  <suite started-at="2020-04-21T17:15:16 IST" name="Suite" finished-at="2020-04-21T17:16:09 IST" duration-ms="52969">
    <groups>
    </groups>
    <test started-at="2020-04-21T17:15:16 IST" name="Test" finished-at="2020-04-21T17:16:09 IST" duration-ms="52969">
      <class name="test_Cases.LoginTest_00001">
        <test-method is-config="true" signature="setup(java.lang.String)[pri:0, instance:test_Cases.LoginTest_00001@659a969b]" started-at="2020-04-21T17:15:16 IST" name="setup" finished-at="2020-04-21T17:15:48 IST" duration-ms="32153" status="PASS">
          <params>
            <param index="0">
              <value>
                <![CDATA[chrome]]>
              </value>
            </param>
          </params>
          <reporter-output>
          </reporter-output>
        </test-method> <!-- setup -->
        <test-method signature="loginTest()[pri:0, instance:test_Cases.LoginTest_00001@659a969b]" started-at="2020-04-21T17:15:48 IST" name="loginTest" finished-at="2020-04-21T17:16:06 IST" duration-ms="18279" status="PASS">
          <reporter-output>
          </reporter-output>
        </test-method> <!-- loginTest -->
        <test-method is-config="true" signature="tearDown()[pri:0, instance:test_Cases.LoginTest_00001@659a969b]" started-at="2020-04-21T17:16:06 IST" name="tearDown" finished-at="2020-04-21T17:16:09 IST" duration-ms="2362" status="PASS">
          <reporter-output>
          </reporter-output>
        </test-method> <!-- tearDown -->
      </class> <!-- test_Cases.LoginTest_00001 -->
    </test> <!-- Test -->
  </suite> <!-- Suite -->
</testng-results>
